# JRE version: Java(TM) SE Runtime Environment (8.0_66-b17) (build 1.8.0_66-b17)
# Java VM: Java HotSpot(TM) 64-Bit Server VM (25.66-b17 mixed mode linux-amd64 compressed oops)
Heap:
 PSYoungGen      total 286208K, used 11963K [0x00000000eab00000, 0x0000000100000000, 0x0000000100000000)
  eden space 223232K, 0% used [0x00000000eab00000,0x00000000eab00000,0x00000000f8500000)
  from space 62976K, 18% used [0x00000000f8500000,0x00000000f90aec78,0x00000000fc280000)
  to   space 61952K, 0% used [0x00000000fc380000,0x00000000fc380000,0x0000000100000000)
 ParOldGen       total 151552K, used 151232K [0x00000000c0000000, 0x00000000c9400000, 0x00000000eab00000)
  object space 151552K, 99% used [0x00000000c0000000,0x00000000c93b00e8,0x00000000c9400000)
 Metaspace       used 6509K, capacity 7256K, committed 7424K, reserved 1056768K
  class space    used 613K, capacity 656K, committed 768K, reserved 1048576K
GC Heap History (10 events):
Event: 6.383 GC heap after
Heap after GC invocations=8 (full 0):
 PSYoungGen      total 271360K, used 30190K [0x00000000eab00000, 0x00000000fee00000, 0x0000000100000000)
  eden space 241152K, 0% used [0x00000000eab00000,0x00000000eab00000,0x00000000f9680000)
  from space 30208K, 99% used [0x00000000fbd80000,0x00000000fdafb9e8,0x00000000fdb00000)
  to   space 39936K, 0% used [0x00000000f9680000,0x00000000f9680000,0x00000000fbd80000)
 ParOldGen       total 84992K, used 42455K [0x00000000c0000000, 0x00000000c5300000, 0x00000000eab00000)
  object space 84992K, 49% used [0x00000000c0000000,0x00000000c2975e38,0x00000000c5300000)
 Metaspace       used 6427K, capacity 7256K, committed 7424K, reserved 1056768K
  class space    used 613K, capacity 656K, committed 768K, reserved 1048576K
}
Event: 7.316 GC heap before
{Heap before GC invocations=9 (full 0):
 PSYoungGen      total 271360K, used 271342K [0x00000000eab00000, 0x00000000fee00000, 0x0000000100000000)
  eden space 241152K, 100% used [0x00000000eab00000,0x00000000f9680000,0x00000000f9680000)
  from space 30208K, 99% used [0x00000000fbd80000,0x00000000fdafb9e8,0x00000000fdb00000)
  to   space 39936K, 0% used [0x00000000f9680000,0x00000000f9680000,0x00000000fbd80000)
 ParOldGen       total 84992K, used 42455K [0x00000000c0000000, 0x00000000c5300000, 0x00000000eab00000)
  object space 84992K, 49% used [0x00000000c0000000,0x00000000c2975e38,0x00000000c5300000)
 Metaspace       used 6495K, capacity 7256K, committed 7424K, reserved 1056768K
  class space    used 613K, capacity 656K, committed 768K, reserved 1048576K
Event: 7.472 GC heap after
Heap after GC invocations=9 (full 0):
 PSYoungGen      total 281088K, used 39918K [0x00000000eab00000, 0x0000000100000000, 0x0000000100000000)
  eden space 241152K, 0% used [0x00000000eab00000,0x00000000eab00000,0x00000000f9680000)
  from space 39936K, 99% used [0x00000000f9680000,0x00000000fbd7b8c0,0x00000000fbd80000)
  to   space 56832K, 0% used [0x00000000fc880000,0x00000000fc880000,0x0000000100000000)
 ParOldGen       total 84992K, used 66888K [0x00000000c0000000, 0x00000000c5300000, 0x00000000eab00000)
  object space 84992K, 78% used [0x00000000c0000000,0x00000000c41522f8,0x00000000c5300000)
 Metaspace       used 6495K, capacity 7256K, committed 7424K, reserved 1056768K
  class space    used 613K, capacity 656K, committed 768K, reserved 1048576K
}
Event: 7.472 GC heap before
{Heap before GC invocations=10 (full 1):
 PSYoungGen      total 281088K, used 39918K [0x00000000eab00000, 0x0000000100000000, 0x0000000100000000)
  eden space 241152K, 0% used [0x00000000eab00000,0x00000000eab00000,0x00000000f9680000)
  from space 39936K, 99% used [0x00000000f9680000,0x00000000fbd7b8c0,0x00000000fbd80000)
  to   space 56832K, 0% used [0x00000000fc880000,0x00000000fc880000,0x0000000100000000)
 ParOldGen       total 84992K, used 66888K [0x00000000c0000000, 0x00000000c5300000, 0x00000000eab00000)
  object space 84992K, 78% used [0x00000000c0000000,0x00000000c41522f8,0x00000000c5300000)
 Metaspace       used 6495K, capacity 7256K, committed 7424K, reserved 1056768K
  class space    used 613K, capacity 656K, committed 768K, reserved 1048576K
Event: 8.160 GC heap after
Heap after GC invocations=10 (full 1):
 PSYoungGen      total 281088K, used 16777K [0x00000000eab00000, 0x0000000100000000, 0x0000000100000000)
  eden space 241152K, 0% used [0x00000000eab00000,0x00000000eab00000,0x00000000f9680000)
  from space 39936K, 42% used [0x00000000f9680000,0x00000000fa6e2498,0x00000000fbd80000)
  to   space 56832K, 0% used [0x00000000fc880000,0x00000000fc880000,0x0000000100000000)
 ParOldGen       total 151552K, used 84591K [0x00000000c0000000, 0x00000000c9400000, 0x00000000eab00000)
  object space 151552K, 55% used [0x00000000c0000000,0x00000000c529bda8,0x00000000c9400000)
 Metaspace       used 6495K, capacity 7256K, committed 7424K, reserved 1056768K
  class space    used 613K, capacity 656K, committed 768K, reserved 1048576K
}
Event: 8.898 GC heap before
{Heap before GC invocations=11 (full 1):
 PSYoungGen      total 281088K, used 257929K [0x00000000eab00000, 0x0000000100000000, 0x0000000100000000)
  eden space 241152K, 100% used [0x00000000eab00000,0x00000000f9680000,0x00000000f9680000)
  from space 39936K, 42% used [0x00000000f9680000,0x00000000fa6e2498,0x00000000fbd80000)
  to   space 56832K, 0% used [0x00000000fc880000,0x00000000fc880000,0x0000000100000000)
 ParOldGen       total 151552K, used 84591K [0x00000000c0000000, 0x00000000c9400000, 0x00000000eab00000)
  object space 151552K, 55% used [0x00000000c0000000,0x00000000c529bda8,0x00000000c9400000)
 Metaspace       used 6504K, capacity 7256K, committed 7424K, reserved 1056768K
  class space    used 613K, capacity 656K, committed 768K, reserved 1048576K
Event: 8.990 GC heap after
Heap after GC invocations=11 (full 1):
 PSYoungGen      total 280064K, used 47844K [0x00000000eab00000, 0x0000000100000000, 0x0000000100000000)
  eden space 223232K, 0% used [0x00000000eab00000,0x00000000eab00000,0x00000000f8500000)
  from space 56832K, 84% used [0x00000000fc880000,0x00000000ff7393f8,0x0000000100000000)
  to   space 62976K, 0% used [0x00000000f8500000,0x00000000f8500000,0x00000000fc280000)
 ParOldGen       total 151552K, used 89285K [0x00000000c0000000, 0x00000000c9400000, 0x00000000eab00000)
  object space 151552K, 58% used [0x00000000c0000000,0x00000000c5731498,0x00000000c9400000)
 Metaspace       used 6504K, capacity 7256K, committed 7424K, reserved 1056768K
  class space    used 613K, capacity 656K, committed 768K, reserved 1048576K
}
Event: 9.619 GC heap before
{Heap before GC invocations=12 (full 1):
 PSYoungGen      total 280064K, used 271076K [0x00000000eab00000, 0x0000000100000000, 0x0000000100000000)
  eden space 223232K, 100% used [0x00000000eab00000,0x00000000f8500000,0x00000000f8500000)
  from space 56832K, 84% used [0x00000000fc880000,0x00000000ff7393f8,0x0000000100000000)
  to   space 62976K, 0% used [0x00000000f8500000,0x00000000f8500000,0x00000000fc280000)
 ParOldGen       total 151552K, used 89285K [0x00000000c0000000, 0x00000000c9400000, 0x00000000eab00000)
  object space 151552K, 58% used [0x00000000c0000000,0x00000000c5731498,0x00000000c9400000)
 Metaspace       used 6509K, capacity 7256K, committed 7424K, reserved 1056768K
  class space    used 613K, capacity 656K, committed 768K, reserved 1048576K
Event: 9.952 GC heap after
Heap after GC invocations=12 (full 1):
 PSYoungGen      total 286208K, used 31533K [0x00000000eab00000, 0x0000000100000000, 0x0000000100000000)
  eden space 223232K, 0% used [0x00000000eab00000,0x00000000eab00000,0x00000000f8500000)
  from space 62976K, 50% used [0x00000000f8500000,0x00000000fa3cb600,0x00000000fc280000)
  to   space 61952K, 0% used [0x00000000fc380000,0x00000000fc380000,0x0000000100000000)
 ParOldGen       total 151552K, used 134711K [0x00000000c0000000, 0x00000000c9400000, 0x00000000eab00000)
  object space 151552K, 88% used [0x00000000c0000000,0x00000000c838dd70,0x00000000c9400000)
 Metaspace       used 6509K, capacity 7256K, committed 7424K, reserved 1056768K
  class space    used 613K, capacity 656K, committed 768K, reserved 1048576K
}
Event: 9.952 GC heap before
{Heap before GC invocations=13 (full 2):
 PSYoungGen      total 286208K, used 31533K [0x00000000eab00000, 0x0000000100000000, 0x0000000100000000)
  eden space 223232K, 0% used [0x00000000eab00000,0x00000000eab00000,0x00000000f8500000)
  from space 62976K, 50% used [0x00000000f8500000,0x00000000fa3cb600,0x00000000fc280000)
  to   space 61952K, 0% used [0x00000000fc380000,0x00000000fc380000,0x0000000100000000)
 ParOldGen       total 151552K, used 134711K [0x00000000c0000000, 0x00000000c9400000, 0x00000000eab00000)
  object space 151552K, 88% used [0x00000000c0000000,0x00000000c838dd70,0x00000000c9400000)
 Metaspace       used 6509K, capacity 7256K, committed 7424K, reserved 1056768K
  class space    used 613K, capacity 656K, committed 768K, reserved 1048576K

